<?xml version="1.0" encoding="UTF-8"?>
<coverage generated="1730783385320" clover="3.2.0">
  <project timestamp="1730783385320" name="All files">
    <metrics statements="96" coveredstatements="86" conditionals="26" coveredconditionals="18" methods="30" coveredmethods="28" elements="152" coveredelements="132" complexity="0" loc="96" ncloc="96" packages="3" files="12" classes="12"/>
    <package name="app">
      <metrics statements="11" coveredstatements="11" conditionals="0" coveredconditionals="0" methods="0" coveredmethods="0"/>
      <file name="constants.js" path="/Users/michellezhang/Documents/supplementary/Personal-Portfolio-Website/src/app/constants.js">
        <metrics statements="11" coveredstatements="11" conditionals="0" coveredconditionals="0" methods="0" coveredmethods="0"/>
        <line num="2" count="7" type="stmt"/>
        <line num="12" count="7" type="stmt"/>
        <line num="18" count="7" type="stmt"/>
        <line num="24" count="7" type="stmt"/>
        <line num="26" count="7" type="stmt"/>
        <line num="46" count="7" type="stmt"/>
        <line num="152" count="7" type="stmt"/>
        <line num="167" count="7" type="stmt"/>
        <line num="176" count="7" type="stmt"/>
        <line num="217" count="7" type="stmt"/>
        <line num="395" count="7" type="stmt"/>
      </file>
    </package>
    <package name="app.api.send">
      <metrics statements="20" coveredstatements="12" conditionals="10" coveredconditionals="4" methods="1" coveredmethods="1"/>
      <file name="route.js" path="/Users/michellezhang/Documents/supplementary/Personal-Portfolio-Website/src/app/api/send/route.js">
        <metrics statements="20" coveredstatements="12" conditionals="10" coveredconditionals="4" methods="1" coveredmethods="1"/>
        <line num="6" count="1" type="stmt"/>
        <line num="7" count="1" type="stmt"/>
        <line num="10" count="1" type="stmt"/>
        <line num="13" count="3" type="stmt"/>
        <line num="14" count="3" type="stmt"/>
        <line num="16" count="3" type="stmt"/>
        <line num="17" count="3" type="stmt"/>
        <line num="20" count="3" type="cond" truecount="2" falsecount="0"/>
        <line num="21" count="1" type="stmt"/>
        <line num="28" count="2" type="cond" truecount="2" falsecount="4"/>
        <line num="29" count="2" type="stmt"/>
        <line num="30" count="2" type="stmt"/>
        <line num="37" count="0" type="stmt"/>
        <line num="53" count="0" type="cond" truecount="0" falsecount="2"/>
        <line num="54" count="0" type="stmt"/>
        <line num="55" count="0" type="stmt"/>
        <line num="61" count="0" type="stmt"/>
        <line num="62" count="0" type="stmt"/>
        <line num="67" count="0" type="stmt"/>
        <line num="68" count="0" type="stmt"/>
      </file>
    </package>
    <package name="app.components">
      <metrics statements="65" coveredstatements="63" conditionals="16" coveredconditionals="14" methods="29" coveredmethods="27"/>
      <file name="AboutMeSection.jsx" path="/Users/michellezhang/Documents/supplementary/Personal-Portfolio-Website/src/app/components/AboutMeSection.jsx">
        <metrics statements="10" coveredstatements="10" conditionals="0" coveredconditionals="0" methods="9" coveredmethods="9"/>
        <line num="8" count="1" type="stmt"/>
        <line num="9" count="15" type="stmt"/>
        <line num="53" count="300" type="stmt"/>
        <line num="63" count="60" type="stmt"/>
        <line num="83" count="60" type="stmt"/>
        <line num="95" count="60" type="stmt"/>
        <line num="111" count="105" type="stmt"/>
        <line num="124" count="45" type="stmt"/>
        <line num="147" count="45" type="stmt"/>
        <line num="160" count="90" type="stmt"/>
      </file>
      <file name="ContactMeSection.jsx" path="/Users/michellezhang/Documents/supplementary/Personal-Portfolio-Website/src/app/components/ContactMeSection.jsx">
        <metrics statements="26" coveredstatements="26" conditionals="12" coveredconditionals="10" methods="2" coveredmethods="2"/>
        <line num="7" count="1" type="stmt"/>
        <line num="8" count="10" type="stmt"/>
        <line num="9" count="10" type="stmt"/>
        <line num="10" count="10" type="stmt"/>
        <line num="12" count="10" type="stmt"/>
        <line num="13" count="3" type="stmt"/>
        <line num="14" count="3" type="stmt"/>
        <line num="15" count="3" type="stmt"/>
        <line num="16" count="3" type="stmt"/>
        <line num="18" count="3" type="stmt"/>
        <line num="26" count="3" type="stmt"/>
        <line num="27" count="3" type="stmt"/>
        <line num="28" count="3" type="stmt"/>
        <line num="31" count="3" type="stmt"/>
        <line num="40" count="3" type="stmt"/>
        <line num="41" count="3" type="stmt"/>
        <line num="42" count="3" type="stmt"/>
        <line num="44" count="3" type="cond" truecount="2" falsecount="0"/>
        <line num="45" count="2" type="stmt"/>
        <line num="46" count="2" type="stmt"/>
        <line num="47" count="2" type="stmt"/>
        <line num="49" count="1" type="cond" truecount="1" falsecount="1"/>
        <line num="52" count="1" type="stmt"/>
        <line num="53" count="1" type="cond" truecount="1" falsecount="1"/>
        <line num="55" count="3" type="stmt"/>
        <line num="59" count="10" type="stmt"/>
      </file>
      <file name="ExperienceItem.jsx" path="/Users/michellezhang/Documents/supplementary/Personal-Portfolio-Website/src/app/components/ExperienceItem.jsx">
        <metrics statements="4" coveredstatements="4" conditionals="0" coveredconditionals="0" methods="2" coveredmethods="2"/>
        <line num="4" count="2" type="stmt"/>
        <line num="7" count="49" type="stmt"/>
        <line num="9" count="49" type="stmt"/>
        <line num="34" count="159" type="stmt"/>
      </file>
      <file name="Footer.jsx" path="/Users/michellezhang/Documents/supplementary/Personal-Portfolio-Website/src/app/components/Footer.jsx">
        <metrics statements="2" coveredstatements="2" conditionals="0" coveredconditionals="0" methods="1" coveredmethods="1"/>
        <line num="5" count="1" type="stmt"/>
        <line num="6" count="2" type="stmt"/>
      </file>
      <file name="HeroSection.jsx" path="/Users/michellezhang/Documents/supplementary/Personal-Portfolio-Website/src/app/components/HeroSection.jsx">
        <metrics statements="2" coveredstatements="2" conditionals="0" coveredconditionals="0" methods="1" coveredmethods="1"/>
        <line num="6" count="1" type="stmt"/>
        <line num="7" count="6" type="stmt"/>
      </file>
      <file name="MenuOverlay.jsx" path="/Users/michellezhang/Documents/supplementary/Personal-Portfolio-Website/src/app/components/MenuOverlay.jsx">
        <metrics statements="4" coveredstatements="3" conditionals="0" coveredconditionals="0" methods="3" coveredmethods="2"/>
        <line num="4" count="1" type="stmt"/>
        <line num="5" count="3" type="stmt"/>
        <line num="8" count="12" type="stmt"/>
        <line num="17" count="0" type="stmt"/>
      </file>
      <file name="Navbar.jsx" path="/Users/michellezhang/Documents/supplementary/Personal-Portfolio-Website/src/app/components/Navbar.jsx">
        <metrics statements="7" coveredstatements="6" conditionals="4" coveredconditionals="4" methods="5" coveredmethods="4"/>
        <line num="9" count="1" type="stmt"/>
        <line num="10" count="9" type="stmt"/>
        <line num="12" count="9" type="stmt"/>
        <line num="15" count="0" type="stmt"/>
        <line num="23" count="2" type="stmt"/>
        <line num="31" count="1" type="stmt"/>
        <line num="43" count="36" type="stmt"/>
      </file>
      <file name="ProjectItem.jsx" path="/Users/michellezhang/Documents/supplementary/Personal-Portfolio-Website/src/app/components/ProjectItem.jsx">
        <metrics statements="5" coveredstatements="5" conditionals="0" coveredconditionals="0" methods="3" coveredmethods="3"/>
        <line num="4" count="1" type="stmt"/>
        <line num="7" count="5" type="stmt"/>
        <line num="9" count="5" type="stmt"/>
        <line num="23" count="6" type="stmt"/>
        <line num="31" count="12" type="stmt"/>
      </file>
      <file name="Projects.jsx" path="/Users/michellezhang/Documents/supplementary/Personal-Portfolio-Website/src/app/components/Projects.jsx">
        <metrics statements="3" coveredstatements="3" conditionals="0" coveredconditionals="0" methods="2" coveredmethods="2"/>
        <line num="6" count="1" type="stmt"/>
        <line num="7" count="4" type="stmt"/>
        <line num="25" count="32" type="stmt"/>
      </file>
      <file name="ToolListItem.jsx" path="/Users/michellezhang/Documents/supplementary/Personal-Portfolio-Website/src/app/components/ToolListItem.jsx">
        <metrics statements="2" coveredstatements="2" conditionals="0" coveredconditionals="0" methods="1" coveredmethods="1"/>
        <line num="4" count="2" type="stmt"/>
        <line num="5" count="227" type="stmt"/>
      </file>
    </package>
  </project>
</coverage>
