{"/Users/michellezhang/Documents/supplementary/Personal-Portfolio-Website/src/app/constants.js": {"path":"/Users/michellezhang/Documents/supplementary/Personal-Portfolio-Website/src/app/constants.js","statementMap":{"0":{"start":{"line":2,"column":24},"end":{"line":10,"column":1}},"1":{"start":{"line":12,"column":28},"end":{"line":16,"column":1}},"2":{"start":{"line":18,"column":28},"end":{"line":22,"column":1}},"3":{"start":{"line":24,"column":25},"end":{"line":24,"column":47}},"4":{"start":{"line":26,"column":25},"end":{"line":43,"column":1}},"5":{"start":{"line":46,"column":25},"end":{"line":150,"column":1}},"6":{"start":{"line":152,"column":25},"end":{"line":165,"column":1}},"7":{"start":{"line":167,"column":25},"end":{"line":174,"column":1}},"8":{"start":{"line":176,"column":39},"end":{"line":214,"column":1}},"9":{"start":{"line":217,"column":24},"end":{"line":392,"column":1}},"10":{"start":{"line":395,"column":23},"end":{"line":415,"column":1}}},"fnMap":{},"branchMap":{},"s":{"0":7,"1":7,"2":7,"3":7,"4":7,"5":7,"6":7,"7":7,"8":7,"9":7,"10":7},"f":{},"b":{},"_coverageSchema":"1a1c01bbd47fc00a2c39e90264f33305004495a9","hash":"0224a4793f8633623cea350cd3f69ac2cea87987"}
,"/Users/michellezhang/Documents/supplementary/Personal-Portfolio-Website/src/app/api/send/route.js": {"path":"/Users/michellezhang/Documents/supplementary/Personal-Portfolio-Website/src/app/api/send/route.js","statementMap":{"0":{"start":{"line":6,"column":15},"end":{"line":6,"column":53}},"1":{"start":{"line":7,"column":18},"end":{"line":7,"column":41}},"2":{"start":{"line":10,"column":19},"end":{"line":10,"column":53}},"3":{"start":{"line":13,"column":2},"end":{"line":72,"column":3}},"4":{"start":{"line":14,"column":4},"end":{"line":14,"column":42}},"5":{"start":{"line":16,"column":61},"end":{"line":16,"column":77}},"6":{"start":{"line":17,"column":4},"end":{"line":17,"column":90}},"7":{"start":{"line":20,"column":4},"end":{"line":25,"column":5}},"8":{"start":{"line":21,"column":6},"end":{"line":24,"column":9}},"9":{"start":{"line":28,"column":4},"end":{"line":34,"column":5}},"10":{"start":{"line":29,"column":6},"end":{"line":29,"column":79}},"11":{"start":{"line":30,"column":6},"end":{"line":33,"column":9}},"12":{"start":{"line":37,"column":22},"end":{"line":51,"column":6}},"13":{"start":{"line":53,"column":4},"end":{"line":59,"column":5}},"14":{"start":{"line":54,"column":6},"end":{"line":54,"column":51}},"15":{"start":{"line":55,"column":6},"end":{"line":58,"column":9}},"16":{"start":{"line":61,"column":4},"end":{"line":61,"column":43}},"17":{"start":{"line":62,"column":4},"end":{"line":65,"column":7}},"18":{"start":{"line":67,"column":4},"end":{"line":67,"column":59}},"19":{"start":{"line":68,"column":4},"end":{"line":71,"column":7}}},"fnMap":{"0":{"name":"POST","decl":{"start":{"line":12,"column":22},"end":{"line":12,"column":26}},"loc":{"start":{"line":12,"column":32},"end":{"line":73,"column":1}},"line":12}},"branchMap":{"0":{"loc":{"start":{"line":20,"column":4},"end":{"line":25,"column":5}},"type":"if","locations":[{"start":{"line":20,"column":4},"end":{"line":25,"column":5}},{"start":{},"end":{}}],"line":20},"1":{"loc":{"start":{"line":28,"column":4},"end":{"line":34,"column":5}},"type":"if","locations":[{"start":{"line":28,"column":4},"end":{"line":34,"column":5}},{"start":{},"end":{}}],"line":28},"2":{"loc":{"start":{"line":28,"column":8},"end":{"line":28,"column":55}},"type":"binary-expr","locations":[{"start":{"line":28,"column":8},"end":{"line":28,"column":18}},{"start":{"line":28,"column":22},"end":{"line":28,"column":31}},{"start":{"line":28,"column":35},"end":{"line":28,"column":43}},{"start":{"line":28,"column":47},"end":{"line":28,"column":55}}],"line":28},"3":{"loc":{"start":{"line":53,"column":4},"end":{"line":59,"column":5}},"type":"if","locations":[{"start":{"line":53,"column":4},"end":{"line":59,"column":5}},{"start":{},"end":{}}],"line":53}},"s":{"0":1,"1":1,"2":1,"3":3,"4":3,"5":3,"6":3,"7":3,"8":1,"9":2,"10":2,"11":2,"12":0,"13":0,"14":0,"15":0,"16":0,"17":0,"18":0,"19":0},"f":{"0":3},"b":{"0":[1,2],"1":[2,0],"2":[2,0,0,0],"3":[0,0]},"_coverageSchema":"1a1c01bbd47fc00a2c39e90264f33305004495a9","hash":"14a196a4624aa072bc0207a7a4b0fa427713b010"}
,"/Users/michellezhang/Documents/supplementary/Personal-Portfolio-Website/src/app/components/AboutMeSection.jsx": {"path":"/Users/michellezhang/Documents/supplementary/Personal-Portfolio-Website/src/app/components/AboutMeSection.jsx","statementMap":{"0":{"start":{"line":8,"column":23},"end":{"line":170,"column":1}},"1":{"start":{"line":9,"column":2},"end":{"line":169,"column":4}},"2":{"start":{"line":53,"column":18},"end":{"line":55,"column":23}},"3":{"start":{"line":63,"column":18},"end":{"line":65,"column":23}},"4":{"start":{"line":83,"column":18},"end":{"line":85,"column":23}},"5":{"start":{"line":95,"column":18},"end":{"line":97,"column":23}},"6":{"start":{"line":111,"column":16},"end":{"line":113,"column":21}},"7":{"start":{"line":124,"column":12},"end":{"line":132,"column":14}},"8":{"start":{"line":147,"column":16},"end":{"line":149,"column":21}},"9":{"start":{"line":160,"column":16},"end":{"line":162,"column":21}}},"fnMap":{"0":{"name":"(anonymous_0)","decl":{"start":{"line":8,"column":23},"end":{"line":8,"column":24}},"loc":{"start":{"line":8,"column":29},"end":{"line":170,"column":1}},"line":8},"1":{"name":"(anonymous_1)","decl":{"start":{"line":52,"column":51},"end":{"line":52,"column":52}},"loc":{"start":{"line":53,"column":18},"end":{"line":55,"column":23}},"line":53},"2":{"name":"(anonymous_2)","decl":{"start":{"line":62,"column":45},"end":{"line":62,"column":46}},"loc":{"start":{"line":63,"column":18},"end":{"line":65,"column":23}},"line":63},"3":{"name":"(anonymous_3)","decl":{"start":{"line":82,"column":64},"end":{"line":82,"column":65}},"loc":{"start":{"line":83,"column":18},"end":{"line":85,"column":23}},"line":83},"4":{"name":"(anonymous_4)","decl":{"start":{"line":94,"column":62},"end":{"line":94,"column":63}},"loc":{"start":{"line":95,"column":18},"end":{"line":97,"column":23}},"line":95},"5":{"name":"(anonymous_5)","decl":{"start":{"line":110,"column":46},"end":{"line":110,"column":47}},"loc":{"start":{"line":111,"column":16},"end":{"line":113,"column":21}},"line":111},"6":{"name":"(anonymous_6)","decl":{"start":{"line":123,"column":39},"end":{"line":123,"column":40}},"loc":{"start":{"line":124,"column":12},"end":{"line":132,"column":14}},"line":124},"7":{"name":"(anonymous_7)","decl":{"start":{"line":146,"column":29},"end":{"line":146,"column":30}},"loc":{"start":{"line":147,"column":16},"end":{"line":149,"column":21}},"line":147},"8":{"name":"(anonymous_8)","decl":{"start":{"line":159,"column":29},"end":{"line":159,"column":30}},"loc":{"start":{"line":160,"column":16},"end":{"line":162,"column":21}},"line":160}},"branchMap":{},"s":{"0":1,"1":15,"2":300,"3":60,"4":60,"5":60,"6":105,"7":45,"8":45,"9":90},"f":{"0":15,"1":300,"2":60,"3":60,"4":60,"5":105,"6":45,"7":45,"8":90},"b":{},"_coverageSchema":"1a1c01bbd47fc00a2c39e90264f33305004495a9","hash":"6a3adfe69331fa16864361b6aa3966b8c8875467"}
,"/Users/michellezhang/Documents/supplementary/Personal-Portfolio-Website/src/app/components/ContactMeSection.jsx": {"path":"/Users/michellezhang/Documents/supplementary/Personal-Portfolio-Website/src/app/components/ContactMeSection.jsx","statementMap":{"0":{"start":{"line":7,"column":25},"end":{"line":206,"column":1}},"1":{"start":{"line":8,"column":46},"end":{"line":8,"column":61}},"2":{"start":{"line":9,"column":36},"end":{"line":9,"column":51}},"3":{"start":{"line":10,"column":28},"end":{"line":10,"column":40}},"4":{"start":{"line":12,"column":23},"end":{"line":57,"column":3}},"5":{"start":{"line":13,"column":4},"end":{"line":13,"column":23}},"6":{"start":{"line":14,"column":4},"end":{"line":14,"column":29}},"7":{"start":{"line":15,"column":4},"end":{"line":15,"column":23}},"8":{"start":{"line":16,"column":4},"end":{"line":16,"column":17}},"9":{"start":{"line":18,"column":17},"end":{"line":24,"column":5}},"10":{"start":{"line":26,"column":4},"end":{"line":56,"column":5}},"11":{"start":{"line":27,"column":23},"end":{"line":27,"column":43}},"12":{"start":{"line":28,"column":23},"end":{"line":28,"column":34}},"13":{"start":{"line":31,"column":22},"end":{"line":37,"column":7}},"14":{"start":{"line":40,"column":23},"end":{"line":40,"column":53}},"15":{"start":{"line":41,"column":21},"end":{"line":41,"column":42}},"16":{"start":{"line":42,"column":6},"end":{"line":42,"column":37}},"17":{"start":{"line":44,"column":6},"end":{"line":50,"column":7}},"18":{"start":{"line":45,"column":8},"end":{"line":45,"column":37}},"19":{"start":{"line":46,"column":8},"end":{"line":46,"column":32}},"20":{"start":{"line":47,"column":8},"end":{"line":47,"column":25}},"21":{"start":{"line":49,"column":8},"end":{"line":49,"column":66}},"22":{"start":{"line":52,"column":6},"end":{"line":52,"column":37}},"23":{"start":{"line":53,"column":6},"end":{"line":53,"column":77}},"24":{"start":{"line":55,"column":6},"end":{"line":55,"column":26}},"25":{"start":{"line":59,"column":2},"end":{"line":205,"column":4}}},"fnMap":{"0":{"name":"(anonymous_0)","decl":{"start":{"line":7,"column":25},"end":{"line":7,"column":26}},"loc":{"start":{"line":7,"column":31},"end":{"line":206,"column":1}},"line":7},"1":{"name":"(anonymous_1)","decl":{"start":{"line":12,"column":23},"end":{"line":12,"column":24}},"loc":{"start":{"line":12,"column":36},"end":{"line":57,"column":3}},"line":12}},"branchMap":{"0":{"loc":{"start":{"line":44,"column":6},"end":{"line":50,"column":7}},"type":"if","locations":[{"start":{"line":44,"column":6},"end":{"line":50,"column":7}},{"start":{"line":48,"column":13},"end":{"line":50,"column":7}}],"line":44},"1":{"loc":{"start":{"line":49,"column":24},"end":{"line":49,"column":64}},"type":"binary-expr","locations":[{"start":{"line":49,"column":24},"end":{"line":49,"column":36}},{"start":{"line":49,"column":40},"end":{"line":49,"column":64}}],"line":49},"2":{"loc":{"start":{"line":53,"column":15},"end":{"line":53,"column":75}},"type":"binary-expr","locations":[{"start":{"line":53,"column":15},"end":{"line":53,"column":28}},{"start":{"line":53,"column":32},"end":{"line":53,"column":75}}],"line":53},"3":{"loc":{"start":{"line":190,"column":17},"end":{"line":190,"column":58}},"type":"cond-expr","locations":[{"start":{"line":190,"column":29},"end":{"line":190,"column":41}},{"start":{"line":190,"column":44},"end":{"line":190,"column":58}}],"line":190},"4":{"loc":{"start":{"line":193,"column":18},"end":{"line":193,"column":82}},"type":"binary-expr","locations":[{"start":{"line":193,"column":18},"end":{"line":193,"column":23}},{"start":{"line":193,"column":27},"end":{"line":193,"column":82}}],"line":193},"5":{"loc":{"start":{"line":196,"column":16},"end":{"line":200,"column":17}},"type":"binary-expr","locations":[{"start":{"line":196,"column":16},"end":{"line":196,"column":30}},{"start":{"line":197,"column":18},"end":{"line":199,"column":22}}],"line":196}},"s":{"0":1,"1":10,"2":10,"3":10,"4":10,"5":3,"6":3,"7":3,"8":3,"9":3,"10":3,"11":3,"12":3,"13":3,"14":3,"15":3,"16":3,"17":3,"18":2,"19":2,"20":2,"21":1,"22":1,"23":1,"24":3,"25":10},"f":{"0":10,"1":3},"b":{"0":[2,1],"1":[1,0],"2":[1,0],"3":[3,7],"4":[10,1],"5":[10,1]},"_coverageSchema":"1a1c01bbd47fc00a2c39e90264f33305004495a9","hash":"4b322537874dfc628a46bf0d8a1bbb49da405b7b"}
,"/Users/michellezhang/Documents/supplementary/Personal-Portfolio-Website/src/app/components/ExperienceItem.jsx": {"path":"/Users/michellezhang/Documents/supplementary/Personal-Portfolio-Website/src/app/components/ExperienceItem.jsx","statementMap":{"0":{"start":{"line":4,"column":23},"end":{"line":41,"column":1}},"1":{"start":{"line":7,"column":30},"end":{"line":7,"column":58}},"2":{"start":{"line":9,"column":2},"end":{"line":40,"column":4}},"3":{"start":{"line":34,"column":10},"end":{"line":36,"column":15}}},"fnMap":{"0":{"name":"(anonymous_0)","decl":{"start":{"line":4,"column":23},"end":{"line":4,"column":24}},"loc":{"start":{"line":6,"column":6},"end":{"line":41,"column":1}},"line":6},"1":{"name":"(anonymous_1)","decl":{"start":{"line":33,"column":33},"end":{"line":33,"column":34}},"loc":{"start":{"line":34,"column":10},"end":{"line":36,"column":15}},"line":34}},"branchMap":{},"s":{"0":2,"1":49,"2":49,"3":159},"f":{"0":49,"1":159},"b":{},"_coverageSchema":"1a1c01bbd47fc00a2c39e90264f33305004495a9","hash":"b9e56ff72d1516095933a9b5fe8653defb608ddf"}
,"/Users/michellezhang/Documents/supplementary/Personal-Portfolio-Website/src/app/components/Footer.jsx": {"path":"/Users/michellezhang/Documents/supplementary/Personal-Portfolio-Website/src/app/components/Footer.jsx","statementMap":{"0":{"start":{"line":5,"column":15},"end":{"line":17,"column":1}},"1":{"start":{"line":6,"column":2},"end":{"line":16,"column":4}}},"fnMap":{"0":{"name":"(anonymous_0)","decl":{"start":{"line":5,"column":15},"end":{"line":5,"column":16}},"loc":{"start":{"line":5,"column":21},"end":{"line":17,"column":1}},"line":5}},"branchMap":{},"s":{"0":1,"1":2},"f":{"0":2},"b":{},"_coverageSchema":"1a1c01bbd47fc00a2c39e90264f33305004495a9","hash":"cdb4b20603bbb07d9347e5170322f117eb36e93c"}
,"/Users/michellezhang/Documents/supplementary/Personal-Portfolio-Website/src/app/components/HeroSection.jsx": {"path":"/Users/michellezhang/Documents/supplementary/Personal-Portfolio-Website/src/app/components/HeroSection.jsx","statementMap":{"0":{"start":{"line":6,"column":20},"end":{"line":77,"column":1}},"1":{"start":{"line":7,"column":2},"end":{"line":76,"column":4}}},"fnMap":{"0":{"name":"(anonymous_0)","decl":{"start":{"line":6,"column":20},"end":{"line":6,"column":21}},"loc":{"start":{"line":6,"column":26},"end":{"line":77,"column":1}},"line":6}},"branchMap":{},"s":{"0":1,"1":6},"f":{"0":6},"b":{},"_coverageSchema":"1a1c01bbd47fc00a2c39e90264f33305004495a9","hash":"02acd22d5e1daee18a0d2682dd92b6d9dd3b2e83"}
,"/Users/michellezhang/Documents/supplementary/Personal-Portfolio-Website/src/app/components/MenuOverlay.jsx": {"path":"/Users/michellezhang/Documents/supplementary/Personal-Portfolio-Website/src/app/components/MenuOverlay.jsx","statementMap":{"0":{"start":{"line":4,"column":20},"end":{"line":25,"column":1}},"1":{"start":{"line":5,"column":2},"end":{"line":24,"column":4}},"2":{"start":{"line":8,"column":8},"end":{"line":21,"column":13}},"3":{"start":{"line":17,"column":27},"end":{"line":17,"column":47}}},"fnMap":{"0":{"name":"(anonymous_0)","decl":{"start":{"line":4,"column":20},"end":{"line":4,"column":21}},"loc":{"start":{"line":4,"column":35},"end":{"line":25,"column":1}},"line":4},"1":{"name":"(anonymous_1)","decl":{"start":{"line":7,"column":17},"end":{"line":7,"column":18}},"loc":{"start":{"line":8,"column":8},"end":{"line":21,"column":13}},"line":8},"2":{"name":"(anonymous_2)","decl":{"start":{"line":17,"column":21},"end":{"line":17,"column":22}},"loc":{"start":{"line":17,"column":27},"end":{"line":17,"column":47}},"line":17}},"branchMap":{},"s":{"0":1,"1":3,"2":12,"3":0},"f":{"0":3,"1":12,"2":0},"b":{},"_coverageSchema":"1a1c01bbd47fc00a2c39e90264f33305004495a9","hash":"54bccf5db3517def3dfa99b1d475919a0278b56e"}
,"/Users/michellezhang/Documents/supplementary/Personal-Portfolio-Website/src/app/components/Navbar.jsx": {"path":"/Users/michellezhang/Documents/supplementary/Personal-Portfolio-Website/src/app/components/Navbar.jsx","statementMap":{"0":{"start":{"line":9,"column":15},"end":{"line":63,"column":1}},"1":{"start":{"line":10,"column":38},"end":{"line":10,"column":53}},"2":{"start":{"line":12,"column":2},"end":{"line":62,"column":4}},"3":{"start":{"line":15,"column":40},"end":{"line":15,"column":60}},"4":{"start":{"line":23,"column":31},"end":{"line":23,"column":50}},"5":{"start":{"line":31,"column":31},"end":{"line":31,"column":51}},"6":{"start":{"line":43,"column":14},"end":{"line":55,"column":19}}},"fnMap":{"0":{"name":"(anonymous_0)","decl":{"start":{"line":9,"column":15},"end":{"line":9,"column":16}},"loc":{"start":{"line":9,"column":21},"end":{"line":63,"column":1}},"line":9},"1":{"name":"(anonymous_1)","decl":{"start":{"line":15,"column":34},"end":{"line":15,"column":35}},"loc":{"start":{"line":15,"column":40},"end":{"line":15,"column":60}},"line":15},"2":{"name":"(anonymous_2)","decl":{"start":{"line":23,"column":25},"end":{"line":23,"column":26}},"loc":{"start":{"line":23,"column":31},"end":{"line":23,"column":50}},"line":23},"3":{"name":"(anonymous_3)","decl":{"start":{"line":31,"column":25},"end":{"line":31,"column":26}},"loc":{"start":{"line":31,"column":31},"end":{"line":31,"column":51}},"line":31},"4":{"name":"(anonymous_4)","decl":{"start":{"line":42,"column":26},"end":{"line":42,"column":27}},"loc":{"start":{"line":43,"column":14},"end":{"line":55,"column":19}},"line":43}},"branchMap":{"0":{"loc":{"start":{"line":21,"column":11},"end":{"line":37,"column":11}},"type":"cond-expr","locations":[{"start":{"line":22,"column":14},"end":{"line":28,"column":23}},{"start":{"line":30,"column":14},"end":{"line":36,"column":23}}],"line":21},"1":{"loc":{"start":{"line":60,"column":7},"end":{"line":60,"column":60}},"type":"cond-expr","locations":[{"start":{"line":60,"column":20},"end":{"line":60,"column":53}},{"start":{"line":60,"column":56},"end":{"line":60,"column":60}}],"line":60}},"s":{"0":1,"1":9,"2":9,"3":0,"4":2,"5":1,"6":36},"f":{"0":9,"1":0,"2":2,"3":1,"4":36},"b":{"0":[7,2],"1":[2,7]},"_coverageSchema":"1a1c01bbd47fc00a2c39e90264f33305004495a9","hash":"ab2c560cdbf98543ffda110020f1e6523d08a47a"}
,"/Users/michellezhang/Documents/supplementary/Personal-Portfolio-Website/src/app/components/ProjectItem.jsx": {"path":"/Users/michellezhang/Documents/supplementary/Personal-Portfolio-Website/src/app/components/ProjectItem.jsx","statementMap":{"0":{"start":{"line":4,"column":20},"end":{"line":38,"column":1}},"1":{"start":{"line":7,"column":30},"end":{"line":7,"column":58}},"2":{"start":{"line":9,"column":2},"end":{"line":37,"column":4}},"3":{"start":{"line":23,"column":8},"end":{"line":27,"column":15}},"4":{"start":{"line":31,"column":10},"end":{"line":33,"column":15}}},"fnMap":{"0":{"name":"(anonymous_0)","decl":{"start":{"line":4,"column":20},"end":{"line":4,"column":21}},"loc":{"start":{"line":6,"column":6},"end":{"line":38,"column":1}},"line":6},"1":{"name":"(anonymous_1)","decl":{"start":{"line":22,"column":17},"end":{"line":22,"column":18}},"loc":{"start":{"line":23,"column":8},"end":{"line":27,"column":15}},"line":23},"2":{"name":"(anonymous_2)","decl":{"start":{"line":30,"column":33},"end":{"line":30,"column":34}},"loc":{"start":{"line":31,"column":10},"end":{"line":33,"column":15}},"line":31}},"branchMap":{},"s":{"0":1,"1":5,"2":5,"3":6,"4":12},"f":{"0":5,"1":6,"2":12},"b":{},"_coverageSchema":"1a1c01bbd47fc00a2c39e90264f33305004495a9","hash":"258321f84c5ea1213382e8a340c61d514eae5d1a"}
,"/Users/michellezhang/Documents/supplementary/Personal-Portfolio-Website/src/app/components/Projects.jsx": {"path":"/Users/michellezhang/Documents/supplementary/Personal-Portfolio-Website/src/app/components/Projects.jsx","statementMap":{"0":{"start":{"line":6,"column":17},"end":{"line":38,"column":1}},"1":{"start":{"line":7,"column":2},"end":{"line":37,"column":4}},"2":{"start":{"line":25,"column":12},"end":{"line":32,"column":14}}},"fnMap":{"0":{"name":"(anonymous_0)","decl":{"start":{"line":6,"column":17},"end":{"line":6,"column":18}},"loc":{"start":{"line":6,"column":23},"end":{"line":38,"column":1}},"line":6},"1":{"name":"(anonymous_1)","decl":{"start":{"line":24,"column":24},"end":{"line":24,"column":25}},"loc":{"start":{"line":25,"column":12},"end":{"line":32,"column":14}},"line":25}},"branchMap":{},"s":{"0":1,"1":4,"2":32},"f":{"0":4,"1":32},"b":{},"_coverageSchema":"1a1c01bbd47fc00a2c39e90264f33305004495a9","hash":"e5bdcf335ac828e4247401796e3ab9ff7a3b2145"}
,"/Users/michellezhang/Documents/supplementary/Personal-Portfolio-Website/src/app/components/ToolListItem.jsx": {"path":"/Users/michellezhang/Documents/supplementary/Personal-Portfolio-Website/src/app/components/ToolListItem.jsx","statementMap":{"0":{"start":{"line":4,"column":21},"end":{"line":19,"column":1}},"1":{"start":{"line":5,"column":2},"end":{"line":18,"column":4}}},"fnMap":{"0":{"name":"(anonymous_0)","decl":{"start":{"line":4,"column":21},"end":{"line":4,"column":22}},"loc":{"start":{"line":4,"column":41},"end":{"line":19,"column":1}},"line":4}},"branchMap":{},"s":{"0":2,"1":227},"f":{"0":227},"b":{},"_coverageSchema":"1a1c01bbd47fc00a2c39e90264f33305004495a9","hash":"5c55a68441c0b8dc5736ce98d25542f52564b190"}
}
