TN:
SF:src/app/constants.js
FNF:0
FNH:0
DA:2,7
DA:12,7
DA:18,7
DA:24,7
DA:26,7
DA:46,7
DA:152,7
DA:167,7
DA:176,7
DA:217,7
DA:395,7
LF:11
LH:11
BRF:0
BRH:0
end_of_record
TN:
SF:src/app/api/send/route.js
FN:12,POST
FNF:1
FNH:1
FNDA:3,POST
DA:6,1
DA:7,1
DA:10,1
DA:13,3
DA:14,3
DA:16,3
DA:17,3
DA:20,3
DA:21,1
DA:28,2
DA:29,2
DA:30,2
DA:37,0
DA:53,0
DA:54,0
DA:55,0
DA:61,0
DA:62,0
DA:67,0
DA:68,0
LF:20
LH:12
BRDA:20,0,0,1
BRDA:20,0,1,2
BRDA:28,1,0,2
BRDA:28,1,1,0
BRDA:28,2,0,2
BRDA:28,2,1,0
BRDA:28,2,2,0
BRDA:28,2,3,0
BRDA:53,3,0,0
BRDA:53,3,1,0
BRF:10
BRH:4
end_of_record
TN:
SF:src/app/components/AboutMeSection.jsx
FN:8,(anonymous_0)
FN:52,(anonymous_1)
FN:62,(anonymous_2)
FN:82,(anonymous_3)
FN:94,(anonymous_4)
FN:110,(anonymous_5)
FN:123,(anonymous_6)
FN:146,(anonymous_7)
FN:159,(anonymous_8)
FNF:9
FNH:9
FNDA:15,(anonymous_0)
FNDA:300,(anonymous_1)
FNDA:60,(anonymous_2)
FNDA:60,(anonymous_3)
FNDA:60,(anonymous_4)
FNDA:105,(anonymous_5)
FNDA:45,(anonymous_6)
FNDA:45,(anonymous_7)
FNDA:90,(anonymous_8)
DA:8,1
DA:9,15
DA:53,300
DA:63,60
DA:83,60
DA:95,60
DA:111,105
DA:124,45
DA:147,45
DA:160,90
LF:10
LH:10
BRF:0
BRH:0
end_of_record
TN:
SF:src/app/components/ContactMeSection.jsx
FN:7,(anonymous_0)
FN:12,(anonymous_1)
FNF:2
FNH:2
FNDA:10,(anonymous_0)
FNDA:3,(anonymous_1)
DA:7,1
DA:8,10
DA:9,10
DA:10,10
DA:12,10
DA:13,3
DA:14,3
DA:15,3
DA:16,3
DA:18,3
DA:26,3
DA:27,3
DA:28,3
DA:31,3
DA:40,3
DA:41,3
DA:42,3
DA:44,3
DA:45,2
DA:46,2
DA:47,2
DA:49,1
DA:52,1
DA:53,1
DA:55,3
DA:59,10
LF:26
LH:26
BRDA:44,0,0,2
BRDA:44,0,1,1
BRDA:49,1,0,1
BRDA:49,1,1,0
BRDA:53,2,0,1
BRDA:53,2,1,0
BRDA:190,3,0,3
BRDA:190,3,1,7
BRDA:193,4,0,10
BRDA:193,4,1,1
BRDA:196,5,0,10
BRDA:196,5,1,1
BRF:12
BRH:10
end_of_record
TN:
SF:src/app/components/ExperienceItem.jsx
FN:4,(anonymous_0)
FN:33,(anonymous_1)
FNF:2
FNH:2
FNDA:49,(anonymous_0)
FNDA:159,(anonymous_1)
DA:4,2
DA:7,49
DA:9,49
DA:34,159
LF:4
LH:4
BRF:0
BRH:0
end_of_record
TN:
SF:src/app/components/Footer.jsx
FN:5,(anonymous_0)
FNF:1
FNH:1
FNDA:2,(anonymous_0)
DA:5,1
DA:6,2
LF:2
LH:2
BRF:0
BRH:0
end_of_record
TN:
SF:src/app/components/HeroSection.jsx
FN:6,(anonymous_0)
FNF:1
FNH:1
FNDA:6,(anonymous_0)
DA:6,1
DA:7,6
LF:2
LH:2
BRF:0
BRH:0
end_of_record
TN:
SF:src/app/components/MenuOverlay.jsx
FN:4,(anonymous_0)
FN:7,(anonymous_1)
FN:17,(anonymous_2)
FNF:3
FNH:2
FNDA:3,(anonymous_0)
FNDA:12,(anonymous_1)
FNDA:0,(anonymous_2)
DA:4,1
DA:5,3
DA:8,12
DA:17,0
LF:4
LH:3
BRF:0
BRH:0
end_of_record
TN:
SF:src/app/components/Navbar.jsx
FN:9,(anonymous_0)
FN:15,(anonymous_1)
FN:23,(anonymous_2)
FN:31,(anonymous_3)
FN:42,(anonymous_4)
FNF:5
FNH:4
FNDA:9,(anonymous_0)
FNDA:0,(anonymous_1)
FNDA:2,(anonymous_2)
FNDA:1,(anonymous_3)
FNDA:36,(anonymous_4)
DA:9,1
DA:10,9
DA:12,9
DA:15,0
DA:23,2
DA:31,1
DA:43,36
LF:7
LH:6
BRDA:21,0,0,7
BRDA:21,0,1,2
BRDA:60,1,0,2
BRDA:60,1,1,7
BRF:4
BRH:4
end_of_record
TN:
SF:src/app/components/ProjectItem.jsx
FN:4,(anonymous_0)
FN:22,(anonymous_1)
FN:30,(anonymous_2)
FNF:3
FNH:3
FNDA:5,(anonymous_0)
FNDA:6,(anonymous_1)
FNDA:12,(anonymous_2)
DA:4,1
DA:7,5
DA:9,5
DA:23,6
DA:31,12
LF:5
LH:5
BRF:0
BRH:0
end_of_record
TN:
SF:src/app/components/Projects.jsx
FN:6,(anonymous_0)
FN:24,(anonymous_1)
FNF:2
FNH:2
FNDA:4,(anonymous_0)
FNDA:32,(anonymous_1)
DA:6,1
DA:7,4
DA:25,32
LF:3
LH:3
BRF:0
BRH:0
end_of_record
TN:
SF:src/app/components/ToolListItem.jsx
FN:4,(anonymous_0)
FNF:1
FNH:1
FNDA:227,(anonymous_0)
DA:4,2
DA:5,227
LF:2
LH:2
BRF:0
BRH:0
end_of_record
